0 info it worked if it ends with ok
1 verbose cli [ 'node',
1 verbose cli   '/usr/local/bin/npm',
1 verbose cli   'install',
1 verbose cli   'highcharts-ng',
1 verbose cli   '--save' ]
2 info using npm@1.4.28
3 info using node@v0.10.32
4 verbose readDependencies using package.json deps
5 verbose cache add [ 'highcharts-ng', null ]
6 verbose cache add name=undefined spec="highcharts-ng" args=["highcharts-ng",null]
7 verbose parsed url { protocol: null,
7 verbose parsed url   slashes: null,
7 verbose parsed url   auth: null,
7 verbose parsed url   host: null,
7 verbose parsed url   port: null,
7 verbose parsed url   hostname: null,
7 verbose parsed url   hash: null,
7 verbose parsed url   search: null,
7 verbose parsed url   query: null,
7 verbose parsed url   pathname: 'highcharts-ng',
7 verbose parsed url   path: 'highcharts-ng',
7 verbose parsed url   href: 'highcharts-ng' }
8 silly lockFile cafad814-highcharts-ng highcharts-ng
9 verbose lock highcharts-ng /Users/Michael/.npm/cafad814-highcharts-ng.lock
10 silly lockFile cafad814-highcharts-ng highcharts-ng
11 silly lockFile cafad814-highcharts-ng highcharts-ng
12 verbose addNamed [ 'highcharts-ng', '' ]
13 verbose addNamed [ null, '*' ]
14 silly lockFile 36b9d084-highcharts-ng highcharts-ng@
15 verbose lock highcharts-ng@ /Users/Michael/.npm/36b9d084-highcharts-ng.lock
16 silly addNameRange { name: 'highcharts-ng', range: '*', hasData: false }
17 verbose request where is /highcharts-ng
18 verbose request registry https://registry.npmjs.org/
19 verbose request id a514f9503e8547fa
20 verbose url raw /highcharts-ng
21 verbose url resolving [ 'https://registry.npmjs.org/', './highcharts-ng' ]
22 verbose url resolved https://registry.npmjs.org/highcharts-ng
23 verbose request where is https://registry.npmjs.org/highcharts-ng
24 info trying registry request attempt 1 at 16:48:53
25 http GET https://registry.npmjs.org/highcharts-ng
26 http 404 https://registry.npmjs.org/highcharts-ng
27 verbose headers { date: 'Fri, 31 Oct 2014 23:48:54 GMT',
27 verbose headers   server: 'CouchDB/1.5.0 (Erlang OTP/R16B03)',
27 verbose headers   'content-type': 'application/json',
27 verbose headers   'cache-control': 'max-age=0',
27 verbose headers   'content-length': '52',
27 verbose headers   'accept-ranges': 'bytes',
27 verbose headers   via: '1.1 varnish',
27 verbose headers   age: '0',
27 verbose headers   'x-served-by': 'cache-sjc3123-SJC',
27 verbose headers   'x-cache': 'MISS',
27 verbose headers   'x-cache-hits': '0',
27 verbose headers   'x-timer': 'S1414799334.548660,VS0,VE146',
27 verbose headers   'keep-alive': 'timeout=10, max=50',
27 verbose headers   connection: 'Keep-Alive' }
28 silly registry.get cb [ 404,
28 silly registry.get   { date: 'Fri, 31 Oct 2014 23:48:54 GMT',
28 silly registry.get     server: 'CouchDB/1.5.0 (Erlang OTP/R16B03)',
28 silly registry.get     'content-type': 'application/json',
28 silly registry.get     'cache-control': 'max-age=0',
28 silly registry.get     'content-length': '52',
28 silly registry.get     'accept-ranges': 'bytes',
28 silly registry.get     via: '1.1 varnish',
28 silly registry.get     age: '0',
28 silly registry.get     'x-served-by': 'cache-sjc3123-SJC',
28 silly registry.get     'x-cache': 'MISS',
28 silly registry.get     'x-cache-hits': '0',
28 silly registry.get     'x-timer': 'S1414799334.548660,VS0,VE146',
28 silly registry.get     'keep-alive': 'timeout=10, max=50',
28 silly registry.get     connection: 'Keep-Alive' } ]
29 silly lockFile 36b9d084-highcharts-ng highcharts-ng@
30 silly lockFile 36b9d084-highcharts-ng highcharts-ng@
31 error 404 404 Not Found: highcharts-ng
31 error 404
31 error 404 'highcharts-ng' is not in the npm registry.
31 error 404 You should bug the author to publish it
31 error 404 It was specified as a dependency of 'my-congress'
31 error 404
31 error 404 Note that you can also install from a
31 error 404 tarball, folder, or http url, or git url.
32 error System Darwin 13.4.0
33 error command "node" "/usr/local/bin/npm" "install" "highcharts-ng" "--save"
34 error cwd /Users/Michael/Google Drive/GitHub/HackReactor/projects/MyCongress
35 error node -v v0.10.32
36 error npm -v 1.4.28
37 error code E404
38 verbose exit [ 1, true ]
